<?xml version="1.0" encoding="UTF-8"?>
<!-- Generated by org.testng.reporters.JUnitReportReporter -->
<testsuite hostname="LAPTOP-DLKPKRJC" failures="0" tests="1" name="one.TestHello" time="0.005" errors="0" timestamp="2020-09-03T07:11:17 IST" skipped="0">
  <testcase classname="one.TestHello" name="testHello" time="0.005"/>
  <system-out/>
</testsuite> <!-- one.TestHello -->
